[DEBUG][20-07-04][druid.sql.Connection]{conn-10001,procId-782} connected
[DEBUG][20-07-04][druid.sql.Connection]{conn-10002,procId-783} connected
[DEBUG][20-07-04][druid.sql.Connection]{conn-10003,procId-784} connected
[DEBUG][20-07-04][druid.sql.Connection]{conn-10004,procId-785} connected
[DEBUG][20-07-04][druid.sql.Connection]{conn-10005,procId-786} connected
[INFO][20-07-04][com.alibaba.druid.pool.DruidDataSource]{dataSource-1} inited
[DEBUG][20-07-04][druid.sql.Connection]{conn-10005} pool-connect
[DEBUG][20-07-04][druid.sql.Statement]{conn-10005, pstmt-20000} created. select role_name from sh_role where admin_id = (
            select admin_id
            from car.admin
            where admin_name = ?
            )
[DEBUG][20-07-04][druid.sql.Statement]{conn-10005, pstmt-20000} Parameters : [admin]
[DEBUG][20-07-04][druid.sql.Statement]{conn-10005, pstmt-20000} Types : [VARCHAR]
[DEBUG][20-07-04][druid.sql.Statement]{conn-10005, pstmt-20000} executed. 2.4285 millis. select role_name from sh_role where admin_id = (
            select admin_id
            from car.admin
            where admin_name = ?
            )
[DEBUG][20-07-04][druid.sql.ResultSet]{conn-10005, pstmt-20000, rs-50000} open
[DEBUG][20-07-04][druid.sql.ResultSet]{conn-10005, pstmt-20000, rs-50000} Header: [role_name]
[DEBUG][20-07-04][druid.sql.ResultSet]{conn-10005, pstmt-20000, rs-50000} Result: [admin]
[DEBUG][20-07-04][druid.sql.ResultSet]{conn-10005, pstmt-20000, rs-50000} closed
[DEBUG][20-07-04][druid.sql.Statement]{conn-10005, pstmt-20000} clearParameters. 
[DEBUG][20-07-04][com.alibaba.druid.pool.PreparedStatementPool]{conn-10005, pstmt-20000} enter cache
[DEBUG][20-07-04][druid.sql.Connection]{conn-10005} pool-recycle
[INFO][20-07-04][com.alibaba.druid.pool.DruidDataSource]{dataSource-1} closing ...
[DEBUG][20-07-04][druid.sql.Connection]{conn-10001} closed
[DEBUG][20-07-04][druid.sql.Connection]{conn-10002} closed
[DEBUG][20-07-04][druid.sql.Connection]{conn-10003} closed
[DEBUG][20-07-04][druid.sql.Connection]{conn-10004} closed
[DEBUG][20-07-04][com.alibaba.druid.pool.PreparedStatementPool]{conn-10005, pstmt-20000} exit cache
[DEBUG][20-07-04][druid.sql.Statement]{conn-10005, pstmt-20000} closed
[DEBUG][20-07-04][druid.sql.Connection]{conn-10005} closed
[INFO][20-07-04][com.alibaba.druid.pool.DruidDataSource]{dataSource-1} closed
[INFO][20-07-04][com.alibaba.druid.pool.DruidDataSource]{dataSource-0} closing ...
[INFO][20-07-04][com.alibaba.druid.pool.DruidDataSource]{dataSource-0} closing ...
[INFO][20-07-04][com.alibaba.druid.pool.DruidDataSource]{dataSource-0} closing ...
[INFO][20-07-04][com.alibaba.druid.pool.DruidDataSource]{dataSource-0} closing ...
[DEBUG][20-07-04][druid.sql.Connection]{conn-10001,procId-789} connected
[DEBUG][20-07-04][druid.sql.Connection]{conn-10002,procId-790} connected
[DEBUG][20-07-04][druid.sql.Connection]{conn-10003,procId-791} connected
[DEBUG][20-07-04][druid.sql.Connection]{conn-10004,procId-792} connected
[DEBUG][20-07-04][druid.sql.Connection]{conn-10005,procId-793} connected
[INFO][20-07-04][com.alibaba.druid.pool.DruidDataSource]{dataSource-1} inited
[DEBUG][20-07-04][druid.sql.Connection]{conn-10005} pool-connect
[DEBUG][20-07-04][druid.sql.Statement]{conn-10005, pstmt-20000} created. select perms from sh_perm where role_id = (
             select role_id from sh_admin_role where admin_id=(
                 select admin_id from car.admin where admin_name=?
    )
)
[DEBUG][20-07-04][druid.sql.Statement]{conn-10005, pstmt-20000} Parameters : [admin]
[DEBUG][20-07-04][druid.sql.Statement]{conn-10005, pstmt-20000} Types : [VARCHAR]
[DEBUG][20-07-04][druid.sql.Statement]{conn-10005, pstmt-20000} executed. 2.1272 millis. select perms from sh_perm where role_id = (
             select role_id from sh_admin_role where admin_id=(
                 select admin_id from car.admin where admin_name=?
    )
)
[DEBUG][20-07-04][druid.sql.ResultSet]{conn-10005, pstmt-20000, rs-50000} open
[DEBUG][20-07-04][druid.sql.ResultSet]{conn-10005, pstmt-20000, rs-50000} Header: [perms]
[DEBUG][20-07-04][druid.sql.ResultSet]{conn-10005, pstmt-20000, rs-50000} Result: [add]
[DEBUG][20-07-04][druid.sql.ResultSet]{conn-10005, pstmt-20000, rs-50000} Result: [update]
[DEBUG][20-07-04][druid.sql.ResultSet]{conn-10005, pstmt-20000, rs-50000} closed
[DEBUG][20-07-04][druid.sql.Statement]{conn-10005, pstmt-20000} clearParameters. 
[DEBUG][20-07-04][com.alibaba.druid.pool.PreparedStatementPool]{conn-10005, pstmt-20000} enter cache
[DEBUG][20-07-04][druid.sql.Connection]{conn-10005} pool-recycle
[INFO][20-07-04][com.alibaba.druid.pool.DruidDataSource]{dataSource-1} closing ...
[DEBUG][20-07-04][druid.sql.Connection]{conn-10001} closed
[DEBUG][20-07-04][druid.sql.Connection]{conn-10002} closed
[DEBUG][20-07-04][druid.sql.Connection]{conn-10003} closed
[DEBUG][20-07-04][druid.sql.Connection]{conn-10004} closed
[DEBUG][20-07-04][com.alibaba.druid.pool.PreparedStatementPool]{conn-10005, pstmt-20000} exit cache
[DEBUG][20-07-04][druid.sql.Statement]{conn-10005, pstmt-20000} closed
[DEBUG][20-07-04][druid.sql.Connection]{conn-10005} closed
[INFO][20-07-04][com.alibaba.druid.pool.DruidDataSource]{dataSource-1} closed
[DEBUG][20-07-04][druid.sql.Connection]{conn-10001,procId-932} connected
[DEBUG][20-07-04][druid.sql.Connection]{conn-10002,procId-933} connected
[DEBUG][20-07-04][druid.sql.Connection]{conn-10003,procId-934} connected
[DEBUG][20-07-04][druid.sql.Connection]{conn-10004,procId-935} connected
[DEBUG][20-07-04][druid.sql.Connection]{conn-10005,procId-936} connected
[INFO][20-07-04][com.alibaba.druid.pool.DruidDataSource]{dataSource-1} inited
[DEBUG][20-07-04][druid.sql.Connection]{conn-10005} pool-connect
[DEBUG][20-07-04][druid.sql.Statement]{conn-10005, pstmt-20000} created. select * from `user` where user_name=? and user_password=?
[DEBUG][20-07-04][druid.sql.Statement]{conn-10005, pstmt-20000} Parameters : [admin, 111111]
[DEBUG][20-07-04][druid.sql.Statement]{conn-10005, pstmt-20000} Types : [VARCHAR, VARCHAR]
[DEBUG][20-07-04][druid.sql.Statement]{conn-10005, pstmt-20000} executed. 2.1946 millis. select * from `user` where user_name=? and user_password=?
[DEBUG][20-07-04][druid.sql.ResultSet]{conn-10005, pstmt-20000, rs-50000} open
[DEBUG][20-07-04][druid.sql.ResultSet]{conn-10005, pstmt-20000, rs-50000} Header: [id, user_id, user_name, user_password, user_phone, salt]
[DEBUG][20-07-04][druid.sql.ResultSet]{conn-10005, pstmt-20000, rs-50000} closed
[DEBUG][20-07-04][druid.sql.Statement]{conn-10005, pstmt-20000} clearParameters. 
[DEBUG][20-07-04][com.alibaba.druid.pool.PreparedStatementPool]{conn-10005, pstmt-20000} enter cache
[DEBUG][20-07-04][druid.sql.Connection]{conn-10005} pool-recycle
[INFO][20-07-04][com.alibaba.druid.pool.DruidDataSource]{dataSource-1} closing ...
[DEBUG][20-07-04][druid.sql.Connection]{conn-10001} closed
[DEBUG][20-07-04][druid.sql.Connection]{conn-10002} closed
[DEBUG][20-07-04][druid.sql.Connection]{conn-10003} closed
[DEBUG][20-07-04][druid.sql.Connection]{conn-10004} closed
[DEBUG][20-07-04][com.alibaba.druid.pool.PreparedStatementPool]{conn-10005, pstmt-20000} exit cache
[DEBUG][20-07-04][druid.sql.Statement]{conn-10005, pstmt-20000} closed
[DEBUG][20-07-04][druid.sql.Connection]{conn-10005} closed
[INFO][20-07-04][com.alibaba.druid.pool.DruidDataSource]{dataSource-1} closed
[DEBUG][20-07-04][druid.sql.Connection]{conn-10001,procId-937} connected
[DEBUG][20-07-04][druid.sql.Connection]{conn-10002,procId-938} connected
[DEBUG][20-07-04][druid.sql.Connection]{conn-10003,procId-939} connected
[DEBUG][20-07-04][druid.sql.Connection]{conn-10004,procId-940} connected
[DEBUG][20-07-04][druid.sql.Connection]{conn-10005,procId-941} connected
[INFO][20-07-04][com.alibaba.druid.pool.DruidDataSource]{dataSource-1} inited
[DEBUG][20-07-04][druid.sql.Connection]{conn-10005} pool-connect
[DEBUG][20-07-04][druid.sql.Statement]{conn-10005, pstmt-20000} created. select * from `user` where user_name=? and user_password=?
[DEBUG][20-07-04][druid.sql.Statement]{conn-10005, pstmt-20000} Parameters : [admin, 111111]
[DEBUG][20-07-04][druid.sql.Statement]{conn-10005, pstmt-20000} Types : [VARCHAR, VARCHAR]
[DEBUG][20-07-04][druid.sql.Statement]{conn-10005, pstmt-20000} executed. 1.9837 millis. select * from `user` where user_name=? and user_password=?
[DEBUG][20-07-04][druid.sql.ResultSet]{conn-10005, pstmt-20000, rs-50000} open
[DEBUG][20-07-04][druid.sql.ResultSet]{conn-10005, pstmt-20000, rs-50000} Header: [id, user_id, user_name, user_password, user_phone, salt]
[DEBUG][20-07-04][druid.sql.ResultSet]{conn-10005, pstmt-20000, rs-50000} closed
[DEBUG][20-07-04][druid.sql.Statement]{conn-10005, pstmt-20000} clearParameters. 
[DEBUG][20-07-04][com.alibaba.druid.pool.PreparedStatementPool]{conn-10005, pstmt-20000} enter cache
[DEBUG][20-07-04][druid.sql.Connection]{conn-10005} pool-recycle
[INFO][20-07-04][com.alibaba.druid.pool.DruidDataSource]{dataSource-1} closing ...
[DEBUG][20-07-04][druid.sql.Connection]{conn-10001} closed
[DEBUG][20-07-04][druid.sql.Connection]{conn-10002} closed
[DEBUG][20-07-04][druid.sql.Connection]{conn-10003} closed
[DEBUG][20-07-04][druid.sql.Connection]{conn-10004} closed
[DEBUG][20-07-04][com.alibaba.druid.pool.PreparedStatementPool]{conn-10005, pstmt-20000} exit cache
[DEBUG][20-07-04][druid.sql.Statement]{conn-10005, pstmt-20000} closed
[DEBUG][20-07-04][druid.sql.Connection]{conn-10005} closed
[INFO][20-07-04][com.alibaba.druid.pool.DruidDataSource]{dataSource-1} closed
